-- Create the table which will receive test data
DROP TABLE IF EXISTS benchmark;
DROP TABLE
CREATE TABLE benchmark (
    d1 double precision,
    d2 double precision,
    d3 double precision,
    d4 double precision,
    d5 double precision,
    s1 text,
    s2 text,
    s3 text,
    s4 text,
    s5 text
)
-- We don't want autovacuum to run at a random moment in our benchmark
WITH (autovacuum_enabled = false);
CREATE TABLE
-- Write benchmark (5 x 2E7 rows = 100 M rows)
-- We use constant values so that the CPU is as least used as possible
EXPLAIN (ANALYZE, COSTS, VERBOSE, BUFFERS) INSERT INTO benchmark SELECT 0.5487519831907406, 0.4872935938111851, 0.49332102249181675, 0.7625924579550725, 0.05153777115574787, '0.9926690628615165', '0.018826968012793932', '0.4878975579926579', '0.5737164736350058', '0.9911040422334372' FROM generate_series(1, 2E7) AS v;
                                                                                                                                                                            QUERY PLAN                                                                                                                                                                            
------------------------------------------------------------------------------------------------------------------------------------------------------------------------------------------------------------------------------------------------------------------------------------------------------------------------------------------------------------------
 Insert on public.benchmark  (cost=0.00..10.00 rows=1000 width=200) (actual time=87744.181..87744.182 rows=0 loops=1)
   Buffers: shared hit=20850955 read=425638 dirtied=425637, temp read=41501 written=41501
   I/O Timings: read=0.263
   ->  Function Scan on pg_catalog.generate_series v  (cost=0.00..10.00 rows=1000 width=200) (actual time=3088.975..6404.968 rows=20000000 loops=1)
         Output: '0.548751983190741'::double precision, '0.487293593811185'::double precision, '0.493321022491817'::double precision, '0.762592457955072'::double precision, '0.0515377711557479'::double precision, '0.9926690628615165'::text, '0.018826968012793932'::text, '0.4878975579926579'::text, '0.5737164736350058'::text, '0.9911040422334372'::text
         Function Call: generate_series('1'::numeric, '20000000'::numeric)
         Buffers: temp read=41501 written=41501
 Planning Time: 0.081 ms
 Execution Time: 87786.604 ms
(9 rows)

EXPLAIN (ANALYZE, COSTS, VERBOSE, BUFFERS) INSERT INTO benchmark SELECT 0.5487519831907406, 0.4872935938111851, 0.49332102249181675, 0.7625924579550725, 0.05153777115574787, '0.9926690628615165', '0.018826968012793932', '0.4878975579926579', '0.5737164736350058', '0.9911040422334372' FROM generate_series(1, 2E7) AS v;
                                                                                                                                                                            QUERY PLAN                                                                                                                                                                            
------------------------------------------------------------------------------------------------------------------------------------------------------------------------------------------------------------------------------------------------------------------------------------------------------------------------------------------------------------------
 Insert on public.benchmark  (cost=0.00..10.00 rows=1000 width=200) (actual time=86217.985..86217.985 rows=0 loops=1)
   Buffers: shared hit=20850959 read=425637 dirtied=425637, temp read=41501 written=41501
   I/O Timings: read=0.259
   ->  Function Scan on pg_catalog.generate_series v  (cost=0.00..10.00 rows=1000 width=200) (actual time=3219.315..6562.907 rows=20000000 loops=1)
         Output: '0.548751983190741'::double precision, '0.487293593811185'::double precision, '0.493321022491817'::double precision, '0.762592457955072'::double precision, '0.0515377711557479'::double precision, '0.9926690628615165'::text, '0.018826968012793932'::text, '0.4878975579926579'::text, '0.5737164736350058'::text, '0.9911040422334372'::text
         Function Call: generate_series('1'::numeric, '20000000'::numeric)
         Buffers: temp read=41501 written=41501
 Planning Time: 0.055 ms
 Execution Time: 86259.733 ms
(9 rows)

EXPLAIN (ANALYZE, COSTS, VERBOSE, BUFFERS) INSERT INTO benchmark SELECT 0.5487519831907406, 0.4872935938111851, 0.49332102249181675, 0.7625924579550725, 0.05153777115574787, '0.9926690628615165', '0.018826968012793932', '0.4878975579926579', '0.5737164736350058', '0.9911040422334372' FROM generate_series(1, 2E7) AS v;
                                                                                                                                                                            QUERY PLAN                                                                                                                                                                            
------------------------------------------------------------------------------------------------------------------------------------------------------------------------------------------------------------------------------------------------------------------------------------------------------------------------------------------------------------------
 Insert on public.benchmark  (cost=0.00..10.00 rows=1000 width=200) (actual time=85351.231..85351.232 rows=0 loops=1)
   Buffers: shared hit=20850960 read=425636 dirtied=425636, temp read=41501 written=41501
   I/O Timings: read=0.259
   ->  Function Scan on pg_catalog.generate_series v  (cost=0.00..10.00 rows=1000 width=200) (actual time=3108.033..6477.976 rows=20000000 loops=1)
         Output: '0.548751983190741'::double precision, '0.487293593811185'::double precision, '0.493321022491817'::double precision, '0.762592457955072'::double precision, '0.0515377711557479'::double precision, '0.9926690628615165'::text, '0.018826968012793932'::text, '0.4878975579926579'::text, '0.5737164736350058'::text, '0.9911040422334372'::text
         Function Call: generate_series('1'::numeric, '20000000'::numeric)
         Buffers: temp read=41501 written=41501
 Planning Time: 0.068 ms
 Execution Time: 85407.243 ms
(9 rows)

EXPLAIN (ANALYZE, COSTS, VERBOSE, BUFFERS) INSERT INTO benchmark SELECT 0.5487519831907406, 0.4872935938111851, 0.49332102249181675, 0.7625924579550725, 0.05153777115574787, '0.9926690628615165', '0.018826968012793932', '0.4878975579926579', '0.5737164736350058', '0.9911040422334372' FROM generate_series(1, 2E7) AS v;
                                                                                                                                                                            QUERY PLAN                                                                                                                                                                            
------------------------------------------------------------------------------------------------------------------------------------------------------------------------------------------------------------------------------------------------------------------------------------------------------------------------------------------------------------------
 Insert on public.benchmark  (cost=0.00..10.00 rows=1000 width=200) (actual time=86575.661..86575.662 rows=0 loops=1)
   Buffers: shared hit=20850959 read=425637 dirtied=425637, temp read=41501 written=41501
   I/O Timings: read=0.252
   ->  Function Scan on pg_catalog.generate_series v  (cost=0.00..10.00 rows=1000 width=200) (actual time=3336.140..6698.108 rows=20000000 loops=1)
         Output: '0.548751983190741'::double precision, '0.487293593811185'::double precision, '0.493321022491817'::double precision, '0.762592457955072'::double precision, '0.0515377711557479'::double precision, '0.9926690628615165'::text, '0.018826968012793932'::text, '0.4878975579926579'::text, '0.5737164736350058'::text, '0.9911040422334372'::text
         Function Call: generate_series('1'::numeric, '20000000'::numeric)
         Buffers: temp read=41501 written=41501
 Planning Time: 0.050 ms
 Execution Time: 86623.100 ms
(9 rows)

EXPLAIN (ANALYZE, COSTS, VERBOSE, BUFFERS) INSERT INTO benchmark SELECT 0.5487519831907406, 0.4872935938111851, 0.49332102249181675, 0.7625924579550725, 0.05153777115574787, '0.9926690628615165', '0.018826968012793932', '0.4878975579926579', '0.5737164736350058', '0.9911040422334372' FROM generate_series(1, 2E7) AS v;
                                                                                                                                                                            QUERY PLAN                                                                                                                                                                            
------------------------------------------------------------------------------------------------------------------------------------------------------------------------------------------------------------------------------------------------------------------------------------------------------------------------------------------------------------------
 Insert on public.benchmark  (cost=0.00..10.00 rows=1000 width=200) (actual time=85557.735..85557.736 rows=0 loops=1)
   Buffers: shared hit=20850960 read=425636 dirtied=425636, temp read=41501 written=41501
   I/O Timings: read=0.262
   ->  Function Scan on pg_catalog.generate_series v  (cost=0.00..10.00 rows=1000 width=200) (actual time=3238.769..6675.631 rows=20000000 loops=1)
         Output: '0.548751983190741'::double precision, '0.487293593811185'::double precision, '0.493321022491817'::double precision, '0.762592457955072'::double precision, '0.0515377711557479'::double precision, '0.9926690628615165'::text, '0.018826968012793932'::text, '0.4878975579926579'::text, '0.5737164736350058'::text, '0.9911040422334372'::text
         Function Call: generate_series('1'::numeric, '20000000'::numeric)
         Buffers: temp read=41501 written=41501
 Planning Time: 0.048 ms
 Execution Time: 85605.445 ms
(9 rows)

-- Print table size
SELECT pg_size_pretty( pg_relation_size('benchmark'));
 pg_size_pretty 
----------------
 16 GB
(1 row)

-- VACUUM table manually (since we disabled autovacuum)
VACUUM ANALYZE benchmark;
VACUUM
-- Here we write a second table so that the first table gets removed from the cache
-- (the second table has a size >= the entire RAM of the machine)
DROP TABLE IF EXISTS benchmark2;
DROP TABLE
CREATE TABLE benchmark2 (
    d1 double precision,
    d2 double precision,
    d3 double precision,
    d4 double precision,
    d5 double precision,
    s1 text,
    s2 text,
    s3 text,
    s4 text,
    s5 text
)
-- We don't want autovacuum to run at a random moment in our benchmark
WITH (autovacuum_enabled = false);
CREATE TABLE
-- Write to second table
EXPLAIN (ANALYZE, COSTS, VERBOSE, BUFFERS) INSERT INTO benchmark2 SELECT 0.5487519831907406, 0.4872935938111851, 0.49332102249181675, 0.7625924579550725, 0.05153777115574787, '0.9926690628615165', '0.018826968012793932', '0.4878975579926579', '0.5737164736350058', '0.9911040422334372' FROM generate_series(1, 2E7) AS v;
                                                                                                                                                                            QUERY PLAN                                                                                                                                                                            
------------------------------------------------------------------------------------------------------------------------------------------------------------------------------------------------------------------------------------------------------------------------------------------------------------------------------------------------------------------
 Insert on public.benchmark2  (cost=0.00..10.00 rows=1000 width=200) (actual time=87731.670..87731.671 rows=0 loops=1)
   Buffers: shared hit=20850955 read=425638 dirtied=425637, temp read=41501 written=41501
   I/O Timings: read=0.268
   ->  Function Scan on pg_catalog.generate_series v  (cost=0.00..10.00 rows=1000 width=200) (actual time=3431.531..6808.654 rows=20000000 loops=1)
         Output: '0.548751983190741'::double precision, '0.487293593811185'::double precision, '0.493321022491817'::double precision, '0.762592457955072'::double precision, '0.0515377711557479'::double precision, '0.9926690628615165'::text, '0.018826968012793932'::text, '0.4878975579926579'::text, '0.5737164736350058'::text, '0.9911040422334372'::text
         Function Call: generate_series('1'::numeric, '20000000'::numeric)
         Buffers: temp read=41501 written=41501
 Planning Time: 0.047 ms
 Execution Time: 87771.116 ms
(9 rows)

EXPLAIN (ANALYZE, COSTS, VERBOSE, BUFFERS) INSERT INTO benchmark2 SELECT 0.5487519831907406, 0.4872935938111851, 0.49332102249181675, 0.7625924579550725, 0.05153777115574787, '0.9926690628615165', '0.018826968012793932', '0.4878975579926579', '0.5737164736350058', '0.9911040422334372' FROM generate_series(1, 2E7) AS v;
                                                                                                                                                                            QUERY PLAN                                                                                                                                                                            
------------------------------------------------------------------------------------------------------------------------------------------------------------------------------------------------------------------------------------------------------------------------------------------------------------------------------------------------------------------
 Insert on public.benchmark2  (cost=0.00..10.00 rows=1000 width=200) (actual time=87747.453..87747.453 rows=0 loops=1)
   Buffers: shared hit=20850959 read=425637 dirtied=425637, temp read=41501 written=41501
   I/O Timings: read=0.269
   ->  Function Scan on pg_catalog.generate_series v  (cost=0.00..10.00 rows=1000 width=200) (actual time=3215.789..6569.849 rows=20000000 loops=1)
         Output: '0.548751983190741'::double precision, '0.487293593811185'::double precision, '0.493321022491817'::double precision, '0.762592457955072'::double precision, '0.0515377711557479'::double precision, '0.9926690628615165'::text, '0.018826968012793932'::text, '0.4878975579926579'::text, '0.5737164736350058'::text, '0.9911040422334372'::text
         Function Call: generate_series('1'::numeric, '20000000'::numeric)
         Buffers: temp read=41501 written=41501
 Planning Time: 0.085 ms
 Execution Time: 87784.415 ms
(9 rows)

EXPLAIN (ANALYZE, COSTS, VERBOSE, BUFFERS) INSERT INTO benchmark2 SELECT 0.5487519831907406, 0.4872935938111851, 0.49332102249181675, 0.7625924579550725, 0.05153777115574787, '0.9926690628615165', '0.018826968012793932', '0.4878975579926579', '0.5737164736350058', '0.9911040422334372' FROM generate_series(1, 2E7) AS v;
                                                                                                                                                                            QUERY PLAN                                                                                                                                                                            
------------------------------------------------------------------------------------------------------------------------------------------------------------------------------------------------------------------------------------------------------------------------------------------------------------------------------------------------------------------
 Insert on public.benchmark2  (cost=0.00..10.00 rows=1000 width=200) (actual time=87601.697..87601.698 rows=0 loops=1)
   Buffers: shared hit=20850960 read=425636 dirtied=425636, temp read=41501 written=41501
   I/O Timings: read=0.273
   ->  Function Scan on pg_catalog.generate_series v  (cost=0.00..10.00 rows=1000 width=200) (actual time=3220.547..6618.054 rows=20000000 loops=1)
         Output: '0.548751983190741'::double precision, '0.487293593811185'::double precision, '0.493321022491817'::double precision, '0.762592457955072'::double precision, '0.0515377711557479'::double precision, '0.9926690628615165'::text, '0.018826968012793932'::text, '0.4878975579926579'::text, '0.5737164736350058'::text, '0.9911040422334372'::text
         Function Call: generate_series('1'::numeric, '20000000'::numeric)
         Buffers: temp read=41501 written=41501
 Planning Time: 0.049 ms
 Execution Time: 87648.171 ms
(9 rows)

EXPLAIN (ANALYZE, COSTS, VERBOSE, BUFFERS) INSERT INTO benchmark2 SELECT 0.5487519831907406, 0.4872935938111851, 0.49332102249181675, 0.7625924579550725, 0.05153777115574787, '0.9926690628615165', '0.018826968012793932', '0.4878975579926579', '0.5737164736350058', '0.9911040422334372' FROM generate_series(1, 2E7) AS v;
                                                                                                                                                                            QUERY PLAN                                                                                                                                                                            
------------------------------------------------------------------------------------------------------------------------------------------------------------------------------------------------------------------------------------------------------------------------------------------------------------------------------------------------------------------
 Insert on public.benchmark2  (cost=0.00..10.00 rows=1000 width=200) (actual time=86539.172..86539.173 rows=0 loops=1)
   Buffers: shared hit=20850959 read=425637 dirtied=425637, temp read=41501 written=41501
   I/O Timings: read=0.260
   ->  Function Scan on pg_catalog.generate_series v  (cost=0.00..10.00 rows=1000 width=200) (actual time=3134.176..6466.449 rows=20000000 loops=1)
         Output: '0.548751983190741'::double precision, '0.487293593811185'::double precision, '0.493321022491817'::double precision, '0.762592457955072'::double precision, '0.0515377711557479'::double precision, '0.9926690628615165'::text, '0.018826968012793932'::text, '0.4878975579926579'::text, '0.5737164736350058'::text, '0.9911040422334372'::text
         Function Call: generate_series('1'::numeric, '20000000'::numeric)
         Buffers: temp read=41501 written=41501
 Planning Time: 0.051 ms
 Execution Time: 86579.573 ms
(9 rows)

EXPLAIN (ANALYZE, COSTS, VERBOSE, BUFFERS) INSERT INTO benchmark2 SELECT 0.5487519831907406, 0.4872935938111851, 0.49332102249181675, 0.7625924579550725, 0.05153777115574787, '0.9926690628615165', '0.018826968012793932', '0.4878975579926579', '0.5737164736350058', '0.9911040422334372' FROM generate_series(1, 2E7) AS v;
                                                                                                                                                                            QUERY PLAN                                                                                                                                                                            
------------------------------------------------------------------------------------------------------------------------------------------------------------------------------------------------------------------------------------------------------------------------------------------------------------------------------------------------------------------
 Insert on public.benchmark2  (cost=0.00..10.00 rows=1000 width=200) (actual time=85355.267..85355.268 rows=0 loops=1)
   Buffers: shared hit=20850960 read=425636 dirtied=425636, temp read=41501 written=41501
   I/O Timings: read=0.254
   ->  Function Scan on pg_catalog.generate_series v  (cost=0.00..10.00 rows=1000 width=200) (actual time=3322.426..6671.622 rows=20000000 loops=1)
         Output: '0.548751983190741'::double precision, '0.487293593811185'::double precision, '0.493321022491817'::double precision, '0.762592457955072'::double precision, '0.0515377711557479'::double precision, '0.9926690628615165'::text, '0.018826968012793932'::text, '0.4878975579926579'::text, '0.5737164736350058'::text, '0.9911040422334372'::text
         Function Call: generate_series('1'::numeric, '20000000'::numeric)
         Buffers: temp read=41501 written=41501
 Planning Time: 0.055 ms
 Execution Time: 85396.797 ms
(9 rows)

-- Print second table size
SELECT pg_size_pretty( pg_relation_size('benchmark2'));
 pg_size_pretty 
----------------
 16 GB
(1 row)

-- Perform the read benchmark on the first table
-- With cold cache
EXPLAIN (ANALYZE, COSTS, VERBOSE, BUFFERS) SELECT * FROM benchmark;
                                                              QUERY PLAN                                                               
---------------------------------------------------------------------------------------------------------------------------------------
 Seq Scan on public.benchmark  (cost=0.00..3127660.16 rows=100000016 width=137) (actual time=0.478..125594.812 rows=100000000 loops=1)
   Output: d1, d2, d3, d4, d5, s1, s2, s3, s4, s5
   Buffers: shared read=2127660
   I/O Timings: read=116872.271
 Planning Time: 1.052 ms
 Execution Time: 129956.220 ms
(6 rows)

-- Run it 5 times more now that the cache is hot to measure read time with hot cache
EXPLAIN (ANALYZE, COSTS, VERBOSE, BUFFERS) SELECT * FROM benchmark;
                                                              QUERY PLAN                                                               
---------------------------------------------------------------------------------------------------------------------------------------
 Seq Scan on public.benchmark  (cost=0.00..3127660.16 rows=100000016 width=137) (actual time=0.520..127703.349 rows=100000000 loops=1)
   Output: d1, d2, d3, d4, d5, s1, s2, s3, s4, s5
   Buffers: shared hit=32 read=2127628
   I/O Timings: read=118925.845
 Planning Time: 0.031 ms
 Execution Time: 132091.974 ms
(6 rows)

EXPLAIN (ANALYZE, COSTS, VERBOSE, BUFFERS) SELECT * FROM benchmark;
                                                              QUERY PLAN                                                               
---------------------------------------------------------------------------------------------------------------------------------------
 Seq Scan on public.benchmark  (cost=0.00..3127660.16 rows=100000016 width=137) (actual time=0.595..124716.159 rows=100000000 loops=1)
   Output: d1, d2, d3, d4, d5, s1, s2, s3, s4, s5
   Buffers: shared hit=64 read=2127596
   I/O Timings: read=116042.916
 Planning Time: 0.031 ms
 Execution Time: 129079.245 ms
(6 rows)

EXPLAIN (ANALYZE, COSTS, VERBOSE, BUFFERS) SELECT * FROM benchmark;
                                                              QUERY PLAN                                                               
---------------------------------------------------------------------------------------------------------------------------------------
 Seq Scan on public.benchmark  (cost=0.00..3127660.16 rows=100000016 width=137) (actual time=0.532..124516.012 rows=100000000 loops=1)
   Output: d1, d2, d3, d4, d5, s1, s2, s3, s4, s5
   Buffers: shared hit=96 read=2127564
   I/O Timings: read=115807.093
 Planning Time: 0.028 ms
 Execution Time: 128887.745 ms
(6 rows)

EXPLAIN (ANALYZE, COSTS, VERBOSE, BUFFERS) SELECT * FROM benchmark;
                                                              QUERY PLAN                                                               
---------------------------------------------------------------------------------------------------------------------------------------
 Seq Scan on public.benchmark  (cost=0.00..3127660.16 rows=100000016 width=137) (actual time=1.017..125649.580 rows=100000000 loops=1)
   Output: d1, d2, d3, d4, d5, s1, s2, s3, s4, s5
   Buffers: shared hit=128 read=2127532
   I/O Timings: read=116943.876
 Planning Time: 0.030 ms
 Execution Time: 130014.614 ms
(6 rows)

EXPLAIN (ANALYZE, COSTS, VERBOSE, BUFFERS) SELECT * FROM benchmark;
                                                              QUERY PLAN                                                               
---------------------------------------------------------------------------------------------------------------------------------------
 Seq Scan on public.benchmark  (cost=0.00..3127660.16 rows=100000016 width=137) (actual time=0.613..125919.233 rows=100000000 loops=1)
   Output: d1, d2, d3, d4, d5, s1, s2, s3, s4, s5
   Buffers: shared hit=160 read=2127500
   I/O Timings: read=117169.548
 Planning Time: 0.030 ms
 Execution Time: 130282.503 ms
(6 rows)

