-- Create the table which will receive test data
DROP TABLE IF EXISTS benchmark;
DROP TABLE
CREATE TABLE benchmark (
    d1 double precision,
    d2 double precision,
    d3 double precision,
    d4 double precision,
    d5 double precision,
    s1 text,
    s2 text,
    s3 text,
    s4 text,
    s5 text
)
-- We don't want autovacuum to run at a random moment in our benchmark
WITH (autovacuum_enabled = false);
CREATE TABLE
-- Write benchmark (5 x 2E7 rows = 100 M rows)
-- We use constant values so that the CPU is as least used as possible
EXPLAIN (ANALYZE, COSTS, VERBOSE, BUFFERS) INSERT INTO benchmark SELECT 0.5487519831907406, 0.4872935938111851, 0.49332102249181675, 0.7625924579550725, 0.05153777115574787, '0.9926690628615165', '0.018826968012793932', '0.4878975579926579', '0.5737164736350058', '0.9911040422334372' FROM generate_series(1, 2E7) AS v;
                                                                                                                                                                            QUERY PLAN                                                                                                                                                                            
------------------------------------------------------------------------------------------------------------------------------------------------------------------------------------------------------------------------------------------------------------------------------------------------------------------------------------------------------------------
 Insert on public.benchmark  (cost=0.00..10.00 rows=1000 width=200) (actual time=77898.316..77898.317 rows=0 loops=1)
   Buffers: shared hit=20851061 read=425532, temp read=41501 written=41501
   ->  Function Scan on pg_catalog.generate_series v  (cost=0.00..10.00 rows=1000 width=200) (actual time=2905.735..7697.818 rows=20000000 loops=1)
         Output: '0.548751983190741'::double precision, '0.487293593811185'::double precision, '0.493321022491817'::double precision, '0.762592457955072'::double precision, '0.0515377711557479'::double precision, '0.9926690628615165'::text, '0.018826968012793932'::text, '0.4878975579926579'::text, '0.5737164736350058'::text, '0.9911040422334372'::text
         Function Call: generate_series('1'::numeric, '20000000'::numeric)
         Buffers: temp read=41501 written=41501
 Planning Time: 0.057 ms
 Execution Time: 77931.466 ms
(8 rows)

EXPLAIN (ANALYZE, COSTS, VERBOSE, BUFFERS) INSERT INTO benchmark SELECT 0.5487519831907406, 0.4872935938111851, 0.49332102249181675, 0.7625924579550725, 0.05153777115574787, '0.9926690628615165', '0.018826968012793932', '0.4878975579926579', '0.5737164736350058', '0.9911040422334372' FROM generate_series(1, 2E7) AS v;
                                                                                                                                                                            QUERY PLAN                                                                                                                                                                            
------------------------------------------------------------------------------------------------------------------------------------------------------------------------------------------------------------------------------------------------------------------------------------------------------------------------------------------------------------------
 Insert on public.benchmark  (cost=0.00..10.00 rows=1000 width=200) (actual time=79009.078..79009.079 rows=0 loops=1)
   Buffers: shared hit=20851064 read=425532, temp read=41501 written=41501
   ->  Function Scan on pg_catalog.generate_series v  (cost=0.00..10.00 rows=1000 width=200) (actual time=2914.300..7717.559 rows=20000000 loops=1)
         Output: '0.548751983190741'::double precision, '0.487293593811185'::double precision, '0.493321022491817'::double precision, '0.762592457955072'::double precision, '0.0515377711557479'::double precision, '0.9926690628615165'::text, '0.018826968012793932'::text, '0.4878975579926579'::text, '0.5737164736350058'::text, '0.9911040422334372'::text
         Function Call: generate_series('1'::numeric, '20000000'::numeric)
         Buffers: temp read=41501 written=41501
 Planning Time: 0.050 ms
 Execution Time: 79069.932 ms
(8 rows)

EXPLAIN (ANALYZE, COSTS, VERBOSE, BUFFERS) INSERT INTO benchmark SELECT 0.5487519831907406, 0.4872935938111851, 0.49332102249181675, 0.7625924579550725, 0.05153777115574787, '0.9926690628615165', '0.018826968012793932', '0.4878975579926579', '0.5737164736350058', '0.9911040422334372' FROM generate_series(1, 2E7) AS v;
                                                                                                                                                                            QUERY PLAN                                                                                                                                                                            
------------------------------------------------------------------------------------------------------------------------------------------------------------------------------------------------------------------------------------------------------------------------------------------------------------------------------------------------------------------
 Insert on public.benchmark  (cost=0.00..10.00 rows=1000 width=200) (actual time=78062.913..78062.914 rows=0 loops=1)
   Buffers: shared hit=20851064 read=425532, temp read=41501 written=41501
   ->  Function Scan on pg_catalog.generate_series v  (cost=0.00..10.00 rows=1000 width=200) (actual time=2908.119..7697.208 rows=20000000 loops=1)
         Output: '0.548751983190741'::double precision, '0.487293593811185'::double precision, '0.493321022491817'::double precision, '0.762592457955072'::double precision, '0.0515377711557479'::double precision, '0.9926690628615165'::text, '0.018826968012793932'::text, '0.4878975579926579'::text, '0.5737164736350058'::text, '0.9911040422334372'::text
         Function Call: generate_series('1'::numeric, '20000000'::numeric)
         Buffers: temp read=41501 written=41501
 Planning Time: 0.051 ms
 Execution Time: 78101.069 ms
(8 rows)

EXPLAIN (ANALYZE, COSTS, VERBOSE, BUFFERS) INSERT INTO benchmark SELECT 0.5487519831907406, 0.4872935938111851, 0.49332102249181675, 0.7625924579550725, 0.05153777115574787, '0.9926690628615165', '0.018826968012793932', '0.4878975579926579', '0.5737164736350058', '0.9911040422334372' FROM generate_series(1, 2E7) AS v;
                                                                                                                                                                            QUERY PLAN                                                                                                                                                                            
------------------------------------------------------------------------------------------------------------------------------------------------------------------------------------------------------------------------------------------------------------------------------------------------------------------------------------------------------------------
 Insert on public.benchmark  (cost=0.00..10.00 rows=1000 width=200) (actual time=77899.080..77899.081 rows=0 loops=1)
   Buffers: shared hit=20851064 read=425532, temp read=41501 written=41501
   ->  Function Scan on pg_catalog.generate_series v  (cost=0.00..10.00 rows=1000 width=200) (actual time=2906.772..7653.390 rows=20000000 loops=1)
         Output: '0.548751983190741'::double precision, '0.487293593811185'::double precision, '0.493321022491817'::double precision, '0.762592457955072'::double precision, '0.0515377711557479'::double precision, '0.9926690628615165'::text, '0.018826968012793932'::text, '0.4878975579926579'::text, '0.5737164736350058'::text, '0.9911040422334372'::text
         Function Call: generate_series('1'::numeric, '20000000'::numeric)
         Buffers: temp read=41501 written=41501
 Planning Time: 0.052 ms
 Execution Time: 77937.443 ms
(8 rows)

EXPLAIN (ANALYZE, COSTS, VERBOSE, BUFFERS) INSERT INTO benchmark SELECT 0.5487519831907406, 0.4872935938111851, 0.49332102249181675, 0.7625924579550725, 0.05153777115574787, '0.9926690628615165', '0.018826968012793932', '0.4878975579926579', '0.5737164736350058', '0.9911040422334372' FROM generate_series(1, 2E7) AS v;
                                                                                                                                                                            QUERY PLAN                                                                                                                                                                            
------------------------------------------------------------------------------------------------------------------------------------------------------------------------------------------------------------------------------------------------------------------------------------------------------------------------------------------------------------------
 Insert on public.benchmark  (cost=0.00..10.00 rows=1000 width=200) (actual time=77866.780..77866.781 rows=0 loops=1)
   Buffers: shared hit=20851064 read=425532, temp read=41501 written=41501
   ->  Function Scan on pg_catalog.generate_series v  (cost=0.00..10.00 rows=1000 width=200) (actual time=2914.951..7664.612 rows=20000000 loops=1)
         Output: '0.548751983190741'::double precision, '0.487293593811185'::double precision, '0.493321022491817'::double precision, '0.762592457955072'::double precision, '0.0515377711557479'::double precision, '0.9926690628615165'::text, '0.018826968012793932'::text, '0.4878975579926579'::text, '0.5737164736350058'::text, '0.9911040422334372'::text
         Function Call: generate_series('1'::numeric, '20000000'::numeric)
         Buffers: temp read=41501 written=41501
 Planning Time: 0.050 ms
 Execution Time: 77931.609 ms
(8 rows)

-- Print table size
SELECT pg_size_pretty( pg_relation_size('benchmark'));
 pg_size_pretty 
----------------
 16 GB
(1 row)

-- VACUUM table manually (since we disabled autovacuum)
VACUUM ANALYZE benchmark;
VACUUM
-- Here we write a second table so that the first table gets removed from the cache
-- (the second table has a size >= the entire RAM of the machine)
DROP TABLE IF EXISTS benchmark2;
DROP TABLE
CREATE TABLE benchmark2 (
    d1 double precision,
    d2 double precision,
    d3 double precision,
    d4 double precision,
    d5 double precision,
    s1 text,
    s2 text,
    s3 text,
    s4 text,
    s5 text
)
-- We don't want autovacuum to run at a random moment in our benchmark
WITH (autovacuum_enabled = false);
CREATE TABLE
-- Write to second table
EXPLAIN (ANALYZE, COSTS, VERBOSE, BUFFERS) INSERT INTO benchmark2 SELECT 0.5487519831907406, 0.4872935938111851, 0.49332102249181675, 0.7625924579550725, 0.05153777115574787, '0.9926690628615165', '0.018826968012793932', '0.4878975579926579', '0.5737164736350058', '0.9911040422334372' FROM generate_series(1, 8E7) AS v;
                                                                                                                                                                            QUERY PLAN                                                                                                                                                                            
------------------------------------------------------------------------------------------------------------------------------------------------------------------------------------------------------------------------------------------------------------------------------------------------------------------------------------------------------------------
 Insert on public.benchmark2  (cost=0.00..10.00 rows=1000 width=200) (actual time=324082.581..324082.582 rows=0 loops=1)
   Buffers: shared hit=83404253 read=1702128, temp read=166012 written=166012
   ->  Function Scan on pg_catalog.generate_series v  (cost=0.00..10.00 rows=1000 width=200) (actual time=11702.831..30881.962 rows=80000000 loops=1)
         Output: '0.548751983190741'::double precision, '0.487293593811185'::double precision, '0.493321022491817'::double precision, '0.762592457955072'::double precision, '0.0515377711557479'::double precision, '0.9926690628615165'::text, '0.018826968012793932'::text, '0.4878975579926579'::text, '0.5737164736350058'::text, '0.9911040422334372'::text
         Function Call: generate_series('1'::numeric, '80000000'::numeric)
         Buffers: temp read=166012 written=166012
 Planning Time: 0.050 ms
 Execution Time: 324234.931 ms
(8 rows)

EXPLAIN (ANALYZE, COSTS, VERBOSE, BUFFERS) INSERT INTO benchmark2 SELECT 0.5487519831907406, 0.4872935938111851, 0.49332102249181675, 0.7625924579550725, 0.05153777115574787, '0.9926690628615165', '0.018826968012793932', '0.4878975579926579', '0.5737164736350058', '0.9911040422334372' FROM generate_series(1, 8E7) AS v;
                                                                                                                                                                            QUERY PLAN                                                                                                                                                                            
------------------------------------------------------------------------------------------------------------------------------------------------------------------------------------------------------------------------------------------------------------------------------------------------------------------------------------------------------------------
 Insert on public.benchmark2  (cost=0.00..10.00 rows=1000 width=200) (actual time=317052.906..317052.907 rows=0 loops=1)
   Buffers: shared hit=83404256 read=1702128, temp read=166012 written=166012
   ->  Function Scan on pg_catalog.generate_series v  (cost=0.00..10.00 rows=1000 width=200) (actual time=11667.165..30834.740 rows=80000000 loops=1)
         Output: '0.548751983190741'::double precision, '0.487293593811185'::double precision, '0.493321022491817'::double precision, '0.762592457955072'::double precision, '0.0515377711557479'::double precision, '0.9926690628615165'::text, '0.018826968012793932'::text, '0.4878975579926579'::text, '0.5737164736350058'::text, '0.9911040422334372'::text
         Function Call: generate_series('1'::numeric, '80000000'::numeric)
         Buffers: temp read=166012 written=166012
 Planning Time: 0.048 ms
 Execution Time: 317247.879 ms
(8 rows)

EXPLAIN (ANALYZE, COSTS, VERBOSE, BUFFERS) INSERT INTO benchmark2 SELECT 0.5487519831907406, 0.4872935938111851, 0.49332102249181675, 0.7625924579550725, 0.05153777115574787, '0.9926690628615165', '0.018826968012793932', '0.4878975579926579', '0.5737164736350058', '0.9911040422334372' FROM generate_series(1, 8E7) AS v;
                                                                                                                                                                            QUERY PLAN                                                                                                                                                                            
------------------------------------------------------------------------------------------------------------------------------------------------------------------------------------------------------------------------------------------------------------------------------------------------------------------------------------------------------------------
 Insert on public.benchmark2  (cost=0.00..10.00 rows=1000 width=200) (actual time=319279.438..319279.440 rows=0 loops=1)
   Buffers: shared hit=83404254 read=1702127, temp read=166012 written=166012
   ->  Function Scan on pg_catalog.generate_series v  (cost=0.00..10.00 rows=1000 width=200) (actual time=11680.557..30899.412 rows=80000000 loops=1)
         Output: '0.548751983190741'::double precision, '0.487293593811185'::double precision, '0.493321022491817'::double precision, '0.762592457955072'::double precision, '0.0515377711557479'::double precision, '0.9926690628615165'::text, '0.018826968012793932'::text, '0.4878975579926579'::text, '0.5737164736350058'::text, '0.9911040422334372'::text
         Function Call: generate_series('1'::numeric, '80000000'::numeric)
         Buffers: temp read=166012 written=166012
 Planning Time: 0.049 ms
 Execution Time: 319442.566 ms
(8 rows)

EXPLAIN (ANALYZE, COSTS, VERBOSE, BUFFERS) INSERT INTO benchmark2 SELECT 0.5487519831907406, 0.4872935938111851, 0.49332102249181675, 0.7625924579550725, 0.05153777115574787, '0.9926690628615165', '0.018826968012793932', '0.4878975579926579', '0.5737164736350058', '0.9911040422334372' FROM generate_series(1, 8E7) AS v;
                                                                                                                                                                            QUERY PLAN                                                                                                                                                                            
------------------------------------------------------------------------------------------------------------------------------------------------------------------------------------------------------------------------------------------------------------------------------------------------------------------------------------------------------------------
 Insert on public.benchmark2  (cost=0.00..10.00 rows=1000 width=200) (actual time=323633.967..323633.968 rows=0 loops=1)
   Buffers: shared hit=83404256 read=1702128, temp read=166012 written=166012
   ->  Function Scan on pg_catalog.generate_series v  (cost=0.00..10.00 rows=1000 width=200) (actual time=11645.992..31858.237 rows=80000000 loops=1)
         Output: '0.548751983190741'::double precision, '0.487293593811185'::double precision, '0.493321022491817'::double precision, '0.762592457955072'::double precision, '0.0515377711557479'::double precision, '0.9926690628615165'::text, '0.018826968012793932'::text, '0.4878975579926579'::text, '0.5737164736350058'::text, '0.9911040422334372'::text
         Function Call: generate_series('1'::numeric, '80000000'::numeric)
         Buffers: temp read=166012 written=166012
 Planning Time: 0.052 ms
 Execution Time: 323769.139 ms
(8 rows)

EXPLAIN (ANALYZE, COSTS, VERBOSE, BUFFERS) INSERT INTO benchmark2 SELECT 0.5487519831907406, 0.4872935938111851, 0.49332102249181675, 0.7625924579550725, 0.05153777115574787, '0.9926690628615165', '0.018826968012793932', '0.4878975579926579', '0.5737164736350058', '0.9911040422334372' FROM generate_series(1, 8E7) AS v;
                                                                                                                                                                            QUERY PLAN                                                                                                                                                                            
------------------------------------------------------------------------------------------------------------------------------------------------------------------------------------------------------------------------------------------------------------------------------------------------------------------------------------------------------------------
 Insert on public.benchmark2  (cost=0.00..10.00 rows=1000 width=200) (actual time=321388.946..321388.947 rows=0 loops=1)
   Buffers: shared hit=83404256 read=1702128, temp read=166012 written=166012
   ->  Function Scan on pg_catalog.generate_series v  (cost=0.00..10.00 rows=1000 width=200) (actual time=11651.134..30928.635 rows=80000000 loops=1)
         Output: '0.548751983190741'::double precision, '0.487293593811185'::double precision, '0.493321022491817'::double precision, '0.762592457955072'::double precision, '0.0515377711557479'::double precision, '0.9926690628615165'::text, '0.018826968012793932'::text, '0.4878975579926579'::text, '0.5737164736350058'::text, '0.9911040422334372'::text
         Function Call: generate_series('1'::numeric, '80000000'::numeric)
         Buffers: temp read=166012 written=166012
 Planning Time: 0.069 ms
 Execution Time: 321542.524 ms
(8 rows)

-- Print second table size
SELECT pg_size_pretty( pg_relation_size('benchmark2'));
 pg_size_pretty 
----------------
 65 GB
(1 row)

-- Perform the read benchmark on the first table
-- With cold cache
EXPLAIN (ANALYZE, COSTS, VERBOSE, BUFFERS) SELECT * FROM benchmark;
                                                              QUERY PLAN                                                              
--------------------------------------------------------------------------------------------------------------------------------------
 Seq Scan on public.benchmark  (cost=0.00..3127660.16 rows=100000016 width=137) (actual time=1.580..61349.626 rows=100000000 loops=1)
   Output: d1, d2, d3, d4, d5, s1, s2, s3, s4, s5
   Buffers: shared read=2127660
   I/O Timings: read=14.642
 Planning Time: 19.583 ms
 Execution Time: 66554.896 ms
(6 rows)

-- Run it 5 times more now that the cache is hot to measure read time with hot cache
EXPLAIN (ANALYZE, COSTS, VERBOSE, BUFFERS) SELECT * FROM benchmark;
                                                              QUERY PLAN                                                              
--------------------------------------------------------------------------------------------------------------------------------------
 Seq Scan on public.benchmark  (cost=0.00..3127660.16 rows=100000016 width=137) (actual time=1.094..57398.199 rows=100000000 loops=1)
   Output: d1, d2, d3, d4, d5, s1, s2, s3, s4, s5
   Buffers: shared hit=8192 read=2119468
   I/O Timings: read=13.105
 Planning Time: 0.030 ms
 Execution Time: 62608.092 ms
(6 rows)

EXPLAIN (ANALYZE, COSTS, VERBOSE, BUFFERS) SELECT * FROM benchmark;
                                                              QUERY PLAN                                                              
--------------------------------------------------------------------------------------------------------------------------------------
 Seq Scan on public.benchmark  (cost=0.00..3127660.16 rows=100000016 width=137) (actual time=1.170..55996.354 rows=100000000 loops=1)
   Output: d1, d2, d3, d4, d5, s1, s2, s3, s4, s5
   Buffers: shared hit=16384 read=2111276
   I/O Timings: read=13.863
 Planning Time: 0.033 ms
 Execution Time: 61238.542 ms
(6 rows)

EXPLAIN (ANALYZE, COSTS, VERBOSE, BUFFERS) SELECT * FROM benchmark;
                                                              QUERY PLAN                                                              
--------------------------------------------------------------------------------------------------------------------------------------
 Seq Scan on public.benchmark  (cost=0.00..3127660.16 rows=100000016 width=137) (actual time=1.446..62704.153 rows=100000000 loops=1)
   Output: d1, d2, d3, d4, d5, s1, s2, s3, s4, s5
   Buffers: shared hit=24576 read=2103084
   I/O Timings: read=16.987
 Planning Time: 0.031 ms
 Execution Time: 67860.898 ms
(6 rows)

EXPLAIN (ANALYZE, COSTS, VERBOSE, BUFFERS) SELECT * FROM benchmark;
                                                              QUERY PLAN                                                              
--------------------------------------------------------------------------------------------------------------------------------------
 Seq Scan on public.benchmark  (cost=0.00..3127660.16 rows=100000016 width=137) (actual time=1.404..72028.576 rows=100000000 loops=1)
   Output: d1, d2, d3, d4, d5, s1, s2, s3, s4, s5
   Buffers: shared hit=32768 read=2094892
   I/O Timings: read=15.048
 Planning Time: 0.029 ms
 Execution Time: 77197.641 ms
(6 rows)

EXPLAIN (ANALYZE, COSTS, VERBOSE, BUFFERS) SELECT * FROM benchmark;
                                                              QUERY PLAN                                                              
--------------------------------------------------------------------------------------------------------------------------------------
 Seq Scan on public.benchmark  (cost=0.00..3127660.16 rows=100000016 width=137) (actual time=1.220..60647.641 rows=100000000 loops=1)
   Output: d1, d2, d3, d4, d5, s1, s2, s3, s4, s5
   Buffers: shared hit=40960 read=2086700
   I/O Timings: read=12.682
 Planning Time: 0.030 ms
 Execution Time: 65889.683 ms
(6 rows)

