-- Create the table which will receive test data
DROP TABLE IF EXISTS benchmark;
DROP TABLE
CREATE TABLE benchmark (
    d1 double precision,
    d2 double precision,
    d3 double precision,
    d4 double precision,
    d5 double precision,
    s1 text,
    s2 text,
    s3 text,
    s4 text,
    s5 text
)
-- We don't want autovacuum to run at a random moment in our benchmark
WITH (autovacuum_enabled = false);
CREATE TABLE
-- Write benchmark (5 x 2E7 rows = 100 M rows)
-- We use constant values so that the CPU is as least used as possible
EXPLAIN (ANALYZE, COSTS, VERBOSE, BUFFERS) INSERT INTO benchmark SELECT 0.5487519831907406, 0.4872935938111851, 0.49332102249181675, 0.7625924579550725, 0.05153777115574787, '0.9926690628615165', '0.018826968012793932', '0.4878975579926579', '0.5737164736350058', '0.9911040422334372' FROM generate_series(1, 2E7) AS v;
                                                                                                                                                                            QUERY PLAN                                                                                                                                                                            
------------------------------------------------------------------------------------------------------------------------------------------------------------------------------------------------------------------------------------------------------------------------------------------------------------------------------------------------------------------
 Insert on public.benchmark  (cost=0.00..10.00 rows=1000 width=200) (actual time=88163.622..88163.622 rows=0 loops=1)
   Buffers: shared hit=20850955 read=425638 dirtied=425637, temp read=41501 written=41501
   I/O Timings: read=0.239
   ->  Function Scan on pg_catalog.generate_series v  (cost=0.00..10.00 rows=1000 width=200) (actual time=3001.178..5858.572 rows=20000000 loops=1)
         Output: '0.548751983190741'::double precision, '0.487293593811185'::double precision, '0.493321022491817'::double precision, '0.762592457955072'::double precision, '0.0515377711557479'::double precision, '0.9926690628615165'::text, '0.018826968012793932'::text, '0.4878975579926579'::text, '0.5737164736350058'::text, '0.9911040422334372'::text
         Function Call: generate_series('1'::numeric, '20000000'::numeric)
         Buffers: temp read=41501 written=41501
 Planning Time: 0.059 ms
 Execution Time: 88199.496 ms
(9 rows)

EXPLAIN (ANALYZE, COSTS, VERBOSE, BUFFERS) INSERT INTO benchmark SELECT 0.5487519831907406, 0.4872935938111851, 0.49332102249181675, 0.7625924579550725, 0.05153777115574787, '0.9926690628615165', '0.018826968012793932', '0.4878975579926579', '0.5737164736350058', '0.9911040422334372' FROM generate_series(1, 2E7) AS v;
                                                                                                                                                                            QUERY PLAN                                                                                                                                                                            
------------------------------------------------------------------------------------------------------------------------------------------------------------------------------------------------------------------------------------------------------------------------------------------------------------------------------------------------------------------
 Insert on public.benchmark  (cost=0.00..10.00 rows=1000 width=200) (actual time=86506.157..86506.158 rows=0 loops=1)
   Buffers: shared hit=20850959 read=425637 dirtied=425637, temp read=41501 written=41501
   I/O Timings: read=0.241
   ->  Function Scan on pg_catalog.generate_series v  (cost=0.00..10.00 rows=1000 width=200) (actual time=2943.537..5798.884 rows=20000000 loops=1)
         Output: '0.548751983190741'::double precision, '0.487293593811185'::double precision, '0.493321022491817'::double precision, '0.762592457955072'::double precision, '0.0515377711557479'::double precision, '0.9926690628615165'::text, '0.018826968012793932'::text, '0.4878975579926579'::text, '0.5737164736350058'::text, '0.9911040422334372'::text
         Function Call: generate_series('1'::numeric, '20000000'::numeric)
         Buffers: temp read=41501 written=41501
 Planning Time: 0.056 ms
 Execution Time: 86541.043 ms
(9 rows)

EXPLAIN (ANALYZE, COSTS, VERBOSE, BUFFERS) INSERT INTO benchmark SELECT 0.5487519831907406, 0.4872935938111851, 0.49332102249181675, 0.7625924579550725, 0.05153777115574787, '0.9926690628615165', '0.018826968012793932', '0.4878975579926579', '0.5737164736350058', '0.9911040422334372' FROM generate_series(1, 2E7) AS v;
                                                                                                                                                                            QUERY PLAN                                                                                                                                                                            
------------------------------------------------------------------------------------------------------------------------------------------------------------------------------------------------------------------------------------------------------------------------------------------------------------------------------------------------------------------
 Insert on public.benchmark  (cost=0.00..10.00 rows=1000 width=200) (actual time=84780.898..84780.898 rows=0 loops=1)
   Buffers: shared hit=20850960 read=425636 dirtied=425636, temp read=41501 written=41501
   I/O Timings: read=0.245
   ->  Function Scan on pg_catalog.generate_series v  (cost=0.00..10.00 rows=1000 width=200) (actual time=2949.324..5839.652 rows=20000000 loops=1)
         Output: '0.548751983190741'::double precision, '0.487293593811185'::double precision, '0.493321022491817'::double precision, '0.762592457955072'::double precision, '0.0515377711557479'::double precision, '0.9926690628615165'::text, '0.018826968012793932'::text, '0.4878975579926579'::text, '0.5737164736350058'::text, '0.9911040422334372'::text
         Function Call: generate_series('1'::numeric, '20000000'::numeric)
         Buffers: temp read=41501 written=41501
 Planning Time: 0.049 ms
 Execution Time: 84815.775 ms
(9 rows)

EXPLAIN (ANALYZE, COSTS, VERBOSE, BUFFERS) INSERT INTO benchmark SELECT 0.5487519831907406, 0.4872935938111851, 0.49332102249181675, 0.7625924579550725, 0.05153777115574787, '0.9926690628615165', '0.018826968012793932', '0.4878975579926579', '0.5737164736350058', '0.9911040422334372' FROM generate_series(1, 2E7) AS v;
                                                                                                                                                                            QUERY PLAN                                                                                                                                                                            
------------------------------------------------------------------------------------------------------------------------------------------------------------------------------------------------------------------------------------------------------------------------------------------------------------------------------------------------------------------
 Insert on public.benchmark  (cost=0.00..10.00 rows=1000 width=200) (actual time=85946.366..85946.367 rows=0 loops=1)
   Buffers: shared hit=20850959 read=425637 dirtied=425637, temp read=41501 written=41501
   I/O Timings: read=0.238
   ->  Function Scan on pg_catalog.generate_series v  (cost=0.00..10.00 rows=1000 width=200) (actual time=3006.336..5872.271 rows=20000000 loops=1)
         Output: '0.548751983190741'::double precision, '0.487293593811185'::double precision, '0.493321022491817'::double precision, '0.762592457955072'::double precision, '0.0515377711557479'::double precision, '0.9926690628615165'::text, '0.018826968012793932'::text, '0.4878975579926579'::text, '0.5737164736350058'::text, '0.9911040422334372'::text
         Function Call: generate_series('1'::numeric, '20000000'::numeric)
         Buffers: temp read=41501 written=41501
 Planning Time: 0.068 ms
 Execution Time: 85981.008 ms
(9 rows)

EXPLAIN (ANALYZE, COSTS, VERBOSE, BUFFERS) INSERT INTO benchmark SELECT 0.5487519831907406, 0.4872935938111851, 0.49332102249181675, 0.7625924579550725, 0.05153777115574787, '0.9926690628615165', '0.018826968012793932', '0.4878975579926579', '0.5737164736350058', '0.9911040422334372' FROM generate_series(1, 2E7) AS v;
                                                                                                                                                                            QUERY PLAN                                                                                                                                                                            
------------------------------------------------------------------------------------------------------------------------------------------------------------------------------------------------------------------------------------------------------------------------------------------------------------------------------------------------------------------
 Insert on public.benchmark  (cost=0.00..10.00 rows=1000 width=200) (actual time=84655.903..84655.904 rows=0 loops=1)
   Buffers: shared hit=20850960 read=425636 dirtied=425636, temp read=41501 written=41501
   I/O Timings: read=0.238
   ->  Function Scan on pg_catalog.generate_series v  (cost=0.00..10.00 rows=1000 width=200) (actual time=3026.704..5928.832 rows=20000000 loops=1)
         Output: '0.548751983190741'::double precision, '0.487293593811185'::double precision, '0.493321022491817'::double precision, '0.762592457955072'::double precision, '0.0515377711557479'::double precision, '0.9926690628615165'::text, '0.018826968012793932'::text, '0.4878975579926579'::text, '0.5737164736350058'::text, '0.9911040422334372'::text
         Function Call: generate_series('1'::numeric, '20000000'::numeric)
         Buffers: temp read=41501 written=41501
 Planning Time: 0.048 ms
 Execution Time: 84691.037 ms
(9 rows)

-- Print table size
SELECT pg_size_pretty( pg_relation_size('benchmark'));
 pg_size_pretty 
----------------
 16 GB
(1 row)

-- VACUUM table manually (since we disabled autovacuum)
VACUUM ANALYZE benchmark;
VACUUM
-- Here we write a second table so that the first table gets removed from the cache
-- (the second table has a size >= the entire RAM of the machine)
DROP TABLE IF EXISTS benchmark2;
DROP TABLE
CREATE TABLE benchmark2 (
    d1 double precision,
    d2 double precision,
    d3 double precision,
    d4 double precision,
    d5 double precision,
    s1 text,
    s2 text,
    s3 text,
    s4 text,
    s5 text
)
-- We don't want autovacuum to run at a random moment in our benchmark
WITH (autovacuum_enabled = false);
CREATE TABLE
-- Write to second table
EXPLAIN (ANALYZE, COSTS, VERBOSE, BUFFERS) INSERT INTO benchmark2 SELECT 0.5487519831907406, 0.4872935938111851, 0.49332102249181675, 0.7625924579550725, 0.05153777115574787, '0.9926690628615165', '0.018826968012793932', '0.4878975579926579', '0.5737164736350058', '0.9911040422334372' FROM generate_series(1, 8E7) AS v;
                                                                                                                                                                            QUERY PLAN                                                                                                                                                                            
------------------------------------------------------------------------------------------------------------------------------------------------------------------------------------------------------------------------------------------------------------------------------------------------------------------------------------------------------------------
 Insert on public.benchmark2  (cost=0.00..10.00 rows=1000 width=200) (actual time=348373.921..348373.922 rows=0 loops=1)
   Buffers: shared hit=83403833 read=1702548 dirtied=1702547, temp read=166012 written=166012
   I/O Timings: read=0.958
   ->  Function Scan on pg_catalog.generate_series v  (cost=0.00..10.00 rows=1000 width=200) (actual time=11958.616..23188.311 rows=80000000 loops=1)
         Output: '0.548751983190741'::double precision, '0.487293593811185'::double precision, '0.493321022491817'::double precision, '0.762592457955072'::double precision, '0.0515377711557479'::double precision, '0.9926690628615165'::text, '0.018826968012793932'::text, '0.4878975579926579'::text, '0.5737164736350058'::text, '0.9911040422334372'::text
         Function Call: generate_series('1'::numeric, '80000000'::numeric)
         Buffers: temp read=166012 written=166012
 Planning Time: 0.047 ms
 Execution Time: 348510.846 ms
(9 rows)

EXPLAIN (ANALYZE, COSTS, VERBOSE, BUFFERS) INSERT INTO benchmark2 SELECT 0.5487519831907406, 0.4872935938111851, 0.49332102249181675, 0.7625924579550725, 0.05153777115574787, '0.9926690628615165', '0.018826968012793932', '0.4878975579926579', '0.5737164736350058', '0.9911040422334372' FROM generate_series(1, 8E7) AS v;
                                                                                                                                                                            QUERY PLAN                                                                                                                                                                            
------------------------------------------------------------------------------------------------------------------------------------------------------------------------------------------------------------------------------------------------------------------------------------------------------------------------------------------------------------------
 Insert on public.benchmark2  (cost=0.00..10.00 rows=1000 width=200) (actual time=349807.586..349807.586 rows=0 loops=1)
   Buffers: shared hit=83403838 read=1702546 dirtied=1702546, temp read=166012 written=166012
   I/O Timings: read=0.972
   ->  Function Scan on pg_catalog.generate_series v  (cost=0.00..10.00 rows=1000 width=200) (actual time=12470.136..23628.760 rows=80000000 loops=1)
         Output: '0.548751983190741'::double precision, '0.487293593811185'::double precision, '0.493321022491817'::double precision, '0.762592457955072'::double precision, '0.0515377711557479'::double precision, '0.9926690628615165'::text, '0.018826968012793932'::text, '0.4878975579926579'::text, '0.5737164736350058'::text, '0.9911040422334372'::text
         Function Call: generate_series('1'::numeric, '80000000'::numeric)
         Buffers: temp read=166012 written=166012
 Planning Time: 0.059 ms
 Execution Time: 350001.276 ms
(9 rows)

EXPLAIN (ANALYZE, COSTS, VERBOSE, BUFFERS) INSERT INTO benchmark2 SELECT 0.5487519831907406, 0.4872935938111851, 0.49332102249181675, 0.7625924579550725, 0.05153777115574787, '0.9926690628615165', '0.018826968012793932', '0.4878975579926579', '0.5737164736350058', '0.9911040422334372' FROM generate_series(1, 8E7) AS v;
                                                                                                                                                                            QUERY PLAN                                                                                                                                                                            
------------------------------------------------------------------------------------------------------------------------------------------------------------------------------------------------------------------------------------------------------------------------------------------------------------------------------------------------------------------
 Insert on public.benchmark2  (cost=0.00..10.00 rows=1000 width=200) (actual time=348201.681..348201.681 rows=0 loops=1)
   Buffers: shared hit=83403836 read=1702545 dirtied=1702545, temp read=166012 written=166012
   I/O Timings: read=0.965
   ->  Function Scan on pg_catalog.generate_series v  (cost=0.00..10.00 rows=1000 width=200) (actual time=12117.450..23289.855 rows=80000000 loops=1)
         Output: '0.548751983190741'::double precision, '0.487293593811185'::double precision, '0.493321022491817'::double precision, '0.762592457955072'::double precision, '0.0515377711557479'::double precision, '0.9926690628615165'::text, '0.018826968012793932'::text, '0.4878975579926579'::text, '0.5737164736350058'::text, '0.9911040422334372'::text
         Function Call: generate_series('1'::numeric, '80000000'::numeric)
         Buffers: temp read=166012 written=166012
 Planning Time: 0.047 ms
 Execution Time: 348340.351 ms
(9 rows)

EXPLAIN (ANALYZE, COSTS, VERBOSE, BUFFERS) INSERT INTO benchmark2 SELECT 0.5487519831907406, 0.4872935938111851, 0.49332102249181675, 0.7625924579550725, 0.05153777115574787, '0.9926690628615165', '0.018826968012793932', '0.4878975579926579', '0.5737164736350058', '0.9911040422334372' FROM generate_series(1, 8E7) AS v;
                                                                                                                                                                            QUERY PLAN                                                                                                                                                                            
------------------------------------------------------------------------------------------------------------------------------------------------------------------------------------------------------------------------------------------------------------------------------------------------------------------------------------------------------------------
 Insert on public.benchmark2  (cost=0.00..10.00 rows=1000 width=200) (actual time=347307.815..347307.816 rows=0 loops=1)
   Buffers: shared hit=83403837 read=1702547 dirtied=1702547, temp read=166012 written=166012
   I/O Timings: read=0.955
   ->  Function Scan on pg_catalog.generate_series v  (cost=0.00..10.00 rows=1000 width=200) (actual time=12397.352..23353.817 rows=80000000 loops=1)
         Output: '0.548751983190741'::double precision, '0.487293593811185'::double precision, '0.493321022491817'::double precision, '0.762592457955072'::double precision, '0.0515377711557479'::double precision, '0.9926690628615165'::text, '0.018826968012793932'::text, '0.4878975579926579'::text, '0.5737164736350058'::text, '0.9911040422334372'::text
         Function Call: generate_series('1'::numeric, '80000000'::numeric)
         Buffers: temp read=166012 written=166012
 Planning Time: 0.047 ms
 Execution Time: 347452.674 ms
(9 rows)

EXPLAIN (ANALYZE, COSTS, VERBOSE, BUFFERS) INSERT INTO benchmark2 SELECT 0.5487519831907406, 0.4872935938111851, 0.49332102249181675, 0.7625924579550725, 0.05153777115574787, '0.9926690628615165', '0.018826968012793932', '0.4878975579926579', '0.5737164736350058', '0.9911040422334372' FROM generate_series(1, 8E7) AS v;
                                                                                                                                                                            QUERY PLAN                                                                                                                                                                            
------------------------------------------------------------------------------------------------------------------------------------------------------------------------------------------------------------------------------------------------------------------------------------------------------------------------------------------------------------------
 Insert on public.benchmark2  (cost=0.00..10.00 rows=1000 width=200) (actual time=348347.999..348348.000 rows=0 loops=1)
   Buffers: shared hit=83403838 read=1702546 dirtied=1702546, temp read=166012 written=166012
   I/O Timings: read=0.953
   ->  Function Scan on pg_catalog.generate_series v  (cost=0.00..10.00 rows=1000 width=200) (actual time=11969.680..23129.594 rows=80000000 loops=1)
         Output: '0.548751983190741'::double precision, '0.487293593811185'::double precision, '0.493321022491817'::double precision, '0.762592457955072'::double precision, '0.0515377711557479'::double precision, '0.9926690628615165'::text, '0.018826968012793932'::text, '0.4878975579926579'::text, '0.5737164736350058'::text, '0.9911040422334372'::text
         Function Call: generate_series('1'::numeric, '80000000'::numeric)
         Buffers: temp read=166012 written=166012
 Planning Time: 0.049 ms
 Execution Time: 348489.847 ms
(9 rows)

-- Print second table size
SELECT pg_size_pretty( pg_relation_size('benchmark2'));
 pg_size_pretty 
----------------
 65 GB
(1 row)

-- Perform the read benchmark on the first table
-- With cold cache
EXPLAIN (ANALYZE, COSTS, VERBOSE, BUFFERS) SELECT * FROM benchmark;
                                                              QUERY PLAN                                                               
---------------------------------------------------------------------------------------------------------------------------------------
 Seq Scan on public.benchmark  (cost=0.00..3127660.16 rows=100000016 width=137) (actual time=0.476..128777.175 rows=100000000 loops=1)
   Output: d1, d2, d3, d4, d5, s1, s2, s3, s4, s5
   Buffers: shared read=2127660
   I/O Timings: read=120426.055
 Planning Time: 0.160 ms
 Execution Time: 132944.988 ms
(6 rows)

-- Run it 5 times more now that the cache is hot to measure read time with hot cache
EXPLAIN (ANALYZE, COSTS, VERBOSE, BUFFERS) SELECT * FROM benchmark;
                                                              QUERY PLAN                                                              
--------------------------------------------------------------------------------------------------------------------------------------
 Seq Scan on public.benchmark  (cost=0.00..3127660.16 rows=100000016 width=137) (actual time=0.020..11282.401 rows=100000000 loops=1)
   Output: d1, d2, d3, d4, d5, s1, s2, s3, s4, s5
   Buffers: shared hit=32 read=2127628
   I/O Timings: read=3141.389
 Planning Time: 0.030 ms
 Execution Time: 15446.458 ms
(6 rows)

EXPLAIN (ANALYZE, COSTS, VERBOSE, BUFFERS) SELECT * FROM benchmark;
                                                              QUERY PLAN                                                              
--------------------------------------------------------------------------------------------------------------------------------------
 Seq Scan on public.benchmark  (cost=0.00..3127660.16 rows=100000016 width=137) (actual time=0.018..11855.993 rows=100000000 loops=1)
   Output: d1, d2, d3, d4, d5, s1, s2, s3, s4, s5
   Buffers: shared hit=64 read=2127596
   I/O Timings: read=2886.116
 Planning Time: 0.028 ms
 Execution Time: 16468.021 ms
(6 rows)

EXPLAIN (ANALYZE, COSTS, VERBOSE, BUFFERS) SELECT * FROM benchmark;
                                                              QUERY PLAN                                                              
--------------------------------------------------------------------------------------------------------------------------------------
 Seq Scan on public.benchmark  (cost=0.00..3127660.16 rows=100000016 width=137) (actual time=0.018..10882.530 rows=100000000 loops=1)
   Output: d1, d2, d3, d4, d5, s1, s2, s3, s4, s5
   Buffers: shared hit=96 read=2127564
   I/O Timings: read=2749.296
 Planning Time: 0.029 ms
 Execution Time: 15038.722 ms
(6 rows)

EXPLAIN (ANALYZE, COSTS, VERBOSE, BUFFERS) SELECT * FROM benchmark;
                                                              QUERY PLAN                                                              
--------------------------------------------------------------------------------------------------------------------------------------
 Seq Scan on public.benchmark  (cost=0.00..3127660.16 rows=100000016 width=137) (actual time=0.017..10983.807 rows=100000000 loops=1)
   Output: d1, d2, d3, d4, d5, s1, s2, s3, s4, s5
   Buffers: shared hit=128 read=2127532
   I/O Timings: read=2764.040
 Planning Time: 0.027 ms
 Execution Time: 15192.378 ms
(6 rows)

EXPLAIN (ANALYZE, COSTS, VERBOSE, BUFFERS) SELECT * FROM benchmark;
                                                              QUERY PLAN                                                              
--------------------------------------------------------------------------------------------------------------------------------------
 Seq Scan on public.benchmark  (cost=0.00..3127660.16 rows=100000016 width=137) (actual time=0.016..10862.068 rows=100000000 loops=1)
   Output: d1, d2, d3, d4, d5, s1, s2, s3, s4, s5
   Buffers: shared hit=160 read=2127500
   I/O Timings: read=2723.984
 Planning Time: 0.021 ms
 Execution Time: 15023.919 ms
(6 rows)

